<?xml version="1.0" encoding="utf-8" standalone="yes"?>
<coverage line-rate="0.42622365130403717" branch-rate="0.27707199032062918" complexity="2169" version="1.9" timestamp="1673801347" lines-covered="1193" lines-valid="2799" branches-covered="458" branches-valid="1653">
  <sources />
  <packages>
    <package line-rate="0.40955882352941175" branch-rate="0" complexity="2112" name="NUnit3.TestAdapter">
      <classes>
        <class line-rate="0.69911504424778759" branch-rate="0.42975206611570249" complexity="241" name="NUnit.VisualStudio.TestAdapter.AdapterSettings" filename="D:\repos\NUnit\nunit3-vs-adapter\src\NUnitTestAdapter\AdapterSettings.cs">
          <methods>
            <method line-rate="1" branch-rate="1" complexity="1" name=".ctor" signature="(NUnit.VisualStudio.TestAdapter.ITestLogger)">
              <lines>
                <line number="166" hits="1" branch="False" />
                <line number="168" hits="1" branch="False" />
                <line number="169" hits="1" branch="False" />
                <line number="226" hits="1" branch="False" />
                <line number="231" hits="1" branch="False" />
                <line number="265" hits="1" branch="False" />
                <line number="286" hits="1" branch="False" />
              </lines>
            </method>
            <method line-rate="0" branch-rate="1" complexity="1" name="get_MaxCpuCount" signature="()">
              <lines>
                <line number="175" hits="0" branch="False" />
              </lines>
            </method>
            <method line-rate="1" branch-rate="1" complexity="1" name="set_MaxCpuCount" signature="(int)">
              <lines>
                <line number="175" hits="1" branch="False" />
              </lines>
            </method>
            <method line-rate="0" branch-rate="1" complexity="1" name="get_ResultsDirectory" signature="()">
              <lines>
                <line number="177" hits="0" branch="False" />
              </lines>
            </method>
            <method line-rate="1" branch-rate="1" complexity="1" name="set_ResultsDirectory" signature="(string)">
              <lines>
                <line number="177" hits="1" branch="False" />
              </lines>
            </method>
            <method line-rate="0" branch-rate="1" complexity="1" name="get_TargetPlatform" signature="()">
              <lines>
                <line number="179" hits="0" branch="False" />
              </lines>
            </method>
            <method line-rate="1" branch-rate="1" complexity="1" name="set_TargetPlatform" signature="(string)">
              <lines>
                <line number="179" hits="1" branch="False" />
              </lines>
            </method>
            <method line-rate="0" branch-rate="1" complexity="1" name="get_TargetFrameworkVersion" signature="()">
              <lines>
                <line number="181" hits="0" branch="False" />
              </lines>
            </method>
            <method line-rate="1" branch-rate="1" complexity="1" name="set_TargetFrameworkVersion" signature="(string)">
              <lines>
                <line number="181" hits="1" branch="False" />
              </lines>
            </method>
            <method line-rate="0" branch-rate="1" complexity="1" name="get_TestAdapterPaths" signature="()">
              <lines>
                <line number="183" hits="0" branch="False" />
              </lines>
            </method>
            <method line-rate="1" branch-rate="1" complexity="1" name="set_TestAdapterPaths" signature="(string)">
              <lines>
                <line number="183" hits="1" branch="False" />
              </lines>
            </method>
            <method line-rate="1" branch-rate="1" complexity="1" name="get_CollectSourceInformation" signature="()">
              <lines>
                <line number="188" hits="1" branch="False" />
              </lines>
            </method>
            <method line-rate="1" branch-rate="1" complexity="1" name="set_CollectSourceInformation" signature="(bool)">
              <lines>
                <line number="188" hits="1" branch="False" />
              </lines>
            </method>
            <method line-rate="1" branch-rate="1" complexity="1" name="get_DisableAppDomain" signature="()">
              <lines>
                <line number="193" hits="1" branch="False" />
              </lines>
            </method>
            <method line-rate="1" branch-rate="1" complexity="1" name="set_DisableAppDomain" signature="(bool)">
              <lines>
                <line number="193" hits="1" branch="False" />
              </lines>
            </method>
            <method line-rate="1" branch-rate="1" complexity="1" name="get_DisableParallelization" signature="()">
              <lines>
                <line number="198" hits="1" branch="False" />
              </lines>
            </method>
            <method line-rate="1" branch-rate="1" complexity="1" name="set_DisableParallelization" signature="(bool)">
              <lines>
                <line number="198" hits="1" branch="False" />
              </lines>
            </method>
            <method line-rate="1" branch-rate="1" complexity="1" name="get_DesignMode" signature="()">
              <lines>
                <line number="203" hits="1" branch="False" />
              </lines>
            </method>
            <method line-rate="1" branch-rate="1" complexity="1" name="set_DesignMode" signature="(bool)">
              <lines>
                <line number="203" hits="1" branch="False" />
              </lines>
            </method>
            <method line-rate="1" branch-rate="1" complexity="1" name="get_TestProperties" signature="()">
              <lines>
                <line number="209" hits="1" branch="False" />
              </lines>
            </method>
            <method line-rate="1" branch-rate="1" complexity="1" name="set_TestProperties" signature="(System.Collections.Generic.IDictionary&lt;string, string&gt;)">
              <lines>
                <line number="209" hits="1" branch="False" />
              </lines>
            </method>
            <method line-rate="1" branch-rate="1" complexity="1" name="get_InternalTraceLevel" signature="()">
              <lines>
                <line number="215" hits="1" branch="False" />
              </lines>
            </method>
            <method line-rate="1" branch-rate="1" complexity="1" name="set_InternalTraceLevel" signature="(string)">
              <lines>
                <line number="215" hits="1" branch="False" />
              </lines>
            </method>
            <method line-rate="1" branch-rate="1" complexity="1" name="get_InternalTraceLevelEnum" signature="()">
              <lines>
                <line number="216" hits="1" branch="False" />
              </lines>
            </method>
            <method line-rate="1" branch-rate="1" complexity="1" name="set_InternalTraceLevelEnum" signature="(NUnit.Engine.InternalTraceLevel)">
              <lines>
                <line number="216" hits="1" branch="False" />
              </lines>
            </method>
            <method line-rate="1" branch-rate="1" complexity="1" name="get_WorkDirectory" signature="()">
              <lines>
                <line number="221" hits="1" branch="False" />
              </lines>
            </method>
            <method line-rate="1" branch-rate="1" complexity="1" name="set_WorkDirectory" signature="(string)">
              <lines>
                <line number="221" hits="1" branch="False" />
              </lines>
            </method>
            <method line-rate="0" branch-rate="1" complexity="1" name="get_Where" signature="()">
              <lines>
                <line number="222" hits="0" branch="False" />
              </lines>
            </method>
            <method line-rate="1" branch-rate="1" complexity="1" name="set_Where" signature="(string)">
              <lines>
                <line number="222" hits="1" branch="False" />
              </lines>
            </method>
            <method line-rate="1" branch-rate="1" complexity="1" name="get_TestOutputXml" signature="()">
              <lines>
                <line number="223" hits="1" branch="False" />
              </lines>
            </method>
            <method line-rate="1" branch-rate="1" complexity="1" name="set_TestOutputXml" signature="(string)">
              <lines>
                <line number="223" hits="1" branch="False" />
              </lines>
            </method>
            <method line-rate="1" branch-rate="0.5" complexity="2" name="get_UseTestOutputXml" signature="()">
              <lines>
                <line number="224" hits="1" branch="True" condition-coverage="50% (1/2)">
                  <conditions>
                    <condition number="0" type="jump" coverage="50%" />
                  </conditions>
                </line>
              </lines>
            </method>
            <method line-rate="1" branch-rate="1" complexity="1" name="get_OutputXmlFolderMode" signature="()">
              <lines>
                <line number="226" hits="1" branch="False" />
              </lines>
            </method>
            <method line-rate="1" branch-rate="1" complexity="1" name="set_OutputXmlFolderMode" signature="(NUnit.VisualStudio.TestAdapter.OutputXmlFolderMode)">
              <lines>
                <line number="226" hits="1" branch="False" />
              </lines>
            </method>
            <method line-rate="0" branch-rate="1" complexity="1" name="get_TestOutputFolder" signature="()">
              <lines>
                <line number="231" hits="0" branch="False" />
              </lines>
            </method>
            <method line-rate="0" branch-rate="1" complexity="1" name="set_TestOutputFolder" signature="(string)">
              <lines>
                <line number="231" hits="0" branch="False" />
              </lines>
            </method>
            <method line-rate="0" branch-rate="1" complexity="1" name="get_NewOutputXmlFileForEachRun" signature="()">
              <lines>
                <line number="233" hits="0" branch="False" />
              </lines>
            </method>
            <method line-rate="1" branch-rate="1" complexity="1" name="set_NewOutputXmlFileForEachRun" signature="(bool)">
              <lines>
                <line number="233" hits="1" branch="False" />
              </lines>
            </method>
            <method line-rate="1" branch-rate="1" complexity="1" name="get_DefaultTimeout" signature="()">
              <lines>
                <line number="234" hits="1" branch="False" />
              </lines>
            </method>
            <method line-rate="1" branch-rate="1" complexity="1" name="set_DefaultTimeout" signature="(int)">
              <lines>
                <line number="234" hits="1" branch="False" />
              </lines>
            </method>
            <method line-rate="1" branch-rate="1" complexity="1" name="get_NumberOfTestWorkers" signature="()">
              <lines>
                <line number="236" hits="1" branch="False" />
              </lines>
            </method>
            <method line-rate="1" branch-rate="1" complexity="1" name="set_NumberOfTestWorkers" signature="(int)">
              <lines>
                <line number="236" hits="1" branch="False" />
              </lines>
            </method>
            <method line-rate="1" branch-rate="1" complexity="1" name="get_ShadowCopyFiles" signature="()">
              <lines>
                <line number="238" hits="1" branch="False" />
              </lines>
            </method>
            <method line-rate="1" branch-rate="1" complexity="1" name="set_ShadowCopyFiles" signature="(bool)">
              <lines>
                <line number="238" hits="1" branch="False" />
              </lines>
            </method>
            <method line-rate="1" branch-rate="1" complexity="1" name="get_Verbosity" signature="()">
              <lines>
                <line number="240" hits="1" branch="False" />
              </lines>
            </method>
            <method line-rate="1" branch-rate="1" complexity="1" name="set_Verbosity" signature="(int)">
              <lines>
                <line number="240" hits="1" branch="False" />
              </lines>
            </method>
            <method line-rate="1" branch-rate="1" complexity="1" name="get_UseVsKeepEngineRunning" signature="()">
              <lines>
                <line number="242" hits="1" branch="False" />
              </lines>
            </method>
            <method line-rate="1" branch-rate="1" complexity="1" name="set_UseVsKeepEngineRunning" signature="(bool)">
              <lines>
                <line number="242" hits="1" branch="False" />
              </lines>
            </method>
            <method line-rate="1" branch-rate="1" complexity="1" name="get_BasePath" signature="()">
              <lines>
                <line number="244" hits="1" branch="False" />
              </lines>
            </method>
            <method line-rate="1" branch-rate="1" complexity="1" name="set_BasePath" signature="(string)">
              <lines>
                <line number="244" hits="1" branch="False" />
              </lines>
            </method>
            <method line-rate="1" branch-rate="1" complexity="1" name="get_PrivateBinPath" signature="()">
              <lines>
                <line number="246" hits="1" branch="False" />
              </lines>
            </method>
            <method line-rate="1" branch-rate="1" complexity="1" name="set_PrivateBinPath" signature="(string)">
              <lines>
                <line number="246" hits="1" branch="False" />
              </lines>
            </method>
            <method line-rate="1" branch-rate="1" complexity="1" name="get_RandomSeed" signature="()">
              <lines>
                <line number="248" hits="1" branch="False" />
              </lines>
            </method>
            <method line-rate="1" branch-rate="1" complexity="1" name="set_RandomSeed" signature="(System.Nullable&lt;int&gt;)">
              <lines>
                <line number="248" hits="1" branch="False" />
              </lines>
            </method>
            <method line-rate="1" branch-rate="1" complexity="1" name="get_RandomSeedSpecified" signature="()">
              <lines>
                <line number="249" hits="1" branch="False" />
              </lines>
            </method>
            <method line-rate="1" branch-rate="1" complexity="1" name="set_RandomSeedSpecified" signature="(bool)">
              <lines>
                <line number="249" hits="1" branch="False" />
              </lines>
            </method>
            <method line-rate="1" branch-rate="1" complexity="1" name="get_CollectDataForEachTestSeparately" signature="()">
              <lines>
                <line number="251" hits="1" branch="False" />
              </lines>
            </method>
            <method line-rate="1" branch-rate="1" complexity="1" name="set_CollectDataForEachTestSeparately" signature="(bool)">
              <lines>
                <line number="251" hits="1" branch="False" />
              </lines>
            </method>
            <method line-rate="1" branch-rate="1" complexity="1" name="get_InProcDataCollectorsAvailable" signature="()">
              <lines>
                <line number="253" hits="1" branch="False" />
              </lines>
            </method>
            <method line-rate="1" branch-rate="1" complexity="1" name="set_InProcDataCollectorsAvailable" signature="(bool)">
              <lines>
                <line number="253" hits="1" branch="False" />
              </lines>
            </method>
            <method line-rate="1" branch-rate="1" complexity="1" name="get_SynchronousEvents" signature="()">
              <lines>
                <line number="255" hits="1" branch="False" />
              </lines>
            </method>
            <method line-rate="0" branch-rate="1" complexity="1" name="set_SynchronousEvents" signature="(bool)">
              <lines>
                <line number="255" hits="0" branch="False" />
              </lines>
            </method>
            <method line-rate="1" branch-rate="1" complexity="1" name="get_DomainUsage" signature="()">
              <lines>
                <line number="257" hits="1" branch="False" />
              </lines>
            </method>
            <method line-rate="0" branch-rate="1" complexity="1" name="set_DomainUsage" signature="(string)">
              <lines>
                <line number="257" hits="0" branch="False" />
              </lines>
            </method>
            <method line-rate="1" branch-rate="1" complexity="1" name="get_ShowInternalProperties" signature="()">
              <lines>
                <line number="259" hits="1" branch="False" />
              </lines>
            </method>
            <method line-rate="1" branch-rate="1" complexity="1" name="set_ShowInternalProperties" signature="(bool)">
              <lines>
                <line number="259" hits="1" branch="False" />
              </lines>
            </method>
            <method line-rate="1" branch-rate="1" complexity="1" name="get_UseParentFQNForParametrizedTests" signature="()">
              <lines>
                <line number="260" hits="1" branch="False" />
              </lines>
            </method>
            <method line-rate="1" branch-rate="1" complexity="1" name="set_UseParentFQNForParametrizedTests" signature="(bool)">
              <lines>
                <line number="260" hits="1" branch="False" />
              </lines>
            </method>
            <method line-rate="1" branch-rate="1" complexity="1" name="get_UseNUnitIdforTestCaseId" signature="()">
              <lines>
                <line number="261" hits="1" branch="False" />
              </lines>
            </method>
            <method line-rate="1" branch-rate="1" complexity="1" name="set_UseNUnitIdforTestCaseId" signature="(bool)">
              <lines>
                <line number="261" hits="1" branch="False" />
              </lines>
            </method>
            <method line-rate="1" branch-rate="1" complexity="1" name="get_ConsoleOut" signature="()">
              <lines>
                <line number="262" hits="1" branch="False" />
              </lines>
            </method>
            <method line-rate="1" branch-rate="1" complexity="1" name="set_ConsoleOut" signature="(int)">
              <lines>
                <line number="262" hits="1" branch="False" />
              </lines>
            </method>
            <method line-rate="1" branch-rate="1" complexity="1" name="get_StopOnError" signature="()">
              <lines>
                <line number="263" hits="1" branch="False" />
              </lines>
            </method>
            <method line-rate="1" branch-rate="1" complexity="1" name="set_StopOnError" signature="(bool)">
              <lines>
                <line number="263" hits="1" branch="False" />
              </lines>
            </method>
            <method line-rate="1" branch-rate="1" complexity="1" name="get_DiscoveryMethod" signature="()">
              <lines>
                <line number="265" hits="1" branch="False" />
              </lines>
            </method>
            <method line-rate="1" branch-rate="1" complexity="1" name="set_DiscoveryMethod" signature="(NUnit.VisualStudio.TestAdapter.DiscoveryMethod)">
              <lines>
                <line number="265" hits="1" branch="False" />
              </lines>
            </method>
            <method line-rate="1" branch-rate="1" complexity="1" name="get_SkipNonTestAssemblies" signature="()">
              <lines>
                <line number="266" hits="1" branch="False" />
              </lines>
            </method>
            <method line-rate="1" branch-rate="1" complexity="1" name="set_SkipNonTestAssemblies" signature="(bool)">
              <lines>
                <line number="266" hits="1" branch="False" />
              </lines>
            </method>
            <method line-rate="1" branch-rate="1" complexity="1" name="get_AssemblySelectLimit" signature="()">
              <lines>
                <line number="267" hits="1" branch="False" />
              </lines>
            </method>
            <method line-rate="1" branch-rate="1" complexity="1" name="set_AssemblySelectLimit" signature="(int)">
              <lines>
                <line number="267" hits="1" branch="False" />
              </lines>
            </method>
            <method line-rate="0" branch-rate="1" complexity="1" name="get_UseNUnitFilter" signature="()">
              <lines>
                <line number="268" hits="0" branch="False" />
              </lines>
            </method>
            <method line-rate="1" branch-rate="1" complexity="1" name="set_UseNUnitFilter" signature="(bool)">
              <lines>
                <line number="268" hits="1" branch="False" />
              </lines>
            </method>
            <method line-rate="0" branch-rate="1" complexity="1" name="get_IncludeStackTraceForSuites" signature="()">
              <lines>
                <line number="269" hits="0" branch="False" />
              </lines>
            </method>
            <method line-rate="1" branch-rate="1" complexity="1" name="set_IncludeStackTraceForSuites" signature="(bool)">
              <lines>
                <line number="269" hits="1" branch="False" />
              </lines>
            </method>
            <method line-rate="0" branch-rate="1" complexity="1" name="get_VsTestCategoryType" signature="()">
              <lines>
                <line number="271" hits="0" branch="False" />
              </lines>
            </method>
            <method line-rate="0" branch-rate="1" complexity="1" name="set_VsTestCategoryType" signature="(NUnit.VisualStudio.TestAdapter.VsTestCategoryType)">
              <lines>
                <line number="271" hits="0" branch="False" />
              </lines>
            </method>
            <method line-rate="1" branch-rate="1" complexity="1" name="get_DefaultTestNamePattern" signature="()">
              <lines>
                <line number="276" hits="1" branch="False" />
              </lines>
            </method>
            <method line-rate="1" branch-rate="1" complexity="1" name="set_DefaultTestNamePattern" signature="(string)">
              <lines>
                <line number="276" hits="1" branch="False" />
              </lines>
            </method>
            <method line-rate="1" branch-rate="1" complexity="1" name="get_PreFilter" signature="()">
              <lines>
                <line number="278" hits="1" branch="False" />
              </lines>
            </method>
            <method line-rate="1" branch-rate="1" complexity="1" name="set_PreFilter" signature="(bool)">
              <lines>
                <line number="278" hits="1" branch="False" />
              </lines>
            </method>
            <method line-rate="0" branch-rate="1" complexity="1" name="get_MapWarningTo" signature="()">
              <lines>
                <line number="280" hits="0" branch="False" />
              </lines>
            </method>
            <method line-rate="1" branch-rate="1" complexity="1" name="set_MapWarningTo" signature="(Microsoft.VisualStudio.TestPlatform.ObjectModel.TestOutcome)">
              <lines>
                <line number="280" hits="1" branch="False" />
              </lines>
            </method>
            <method line-rate="0" branch-rate="1" complexity="1" name="get_UseTestNameInConsoleOutput" signature="()">
              <lines>
                <line number="282" hits="0" branch="False" />
              </lines>
            </method>
            <method line-rate="1" branch-rate="1" complexity="1" name="set_UseTestNameInConsoleOutput" signature="(bool)">
              <lines>
                <line number="282" hits="1" branch="False" />
              </lines>
            </method>
            <method line-rate="1" branch-rate="1" complexity="1" name="get_DisplayName" signature="()">
              <lines>
                <line number="284" hits="1" branch="False" />
              </lines>
            </method>
            <method line-rate="0" branch-rate="1" complexity="1" name="set_DisplayName" signature="(NUnit.VisualStudio.TestAdapter.DisplayNameOptions)">
              <lines>
                <line number="284" hits="0" branch="False" />
              </lines>
            </method>
            <method line-rate="0" branch-rate="1" complexity="1" name="get_FullnameSeparator" signature="()">
              <lines>
                <line number="286" hits="0" branch="False" />
              </lines>
            </method>
            <method line-rate="1" branch-rate="1" complexity="1" name="set_FullnameSeparator" signature="(char)">
              <lines>
                <line number="286" hits="1" branch="False" />
              </lines>
            </method>
            <method line-rate="0" branch-rate="1" complexity="1" name="get_ExplicitMode" signature="()">
              <lines>
                <line number="288" hits="0" branch="False" />
              </lines>
            </method>
            <method line-rate="1" branch-rate="1" complexity="1" name="set_ExplicitMode" signature="(NUnit.VisualStudio.TestAdapter.ExplicitModeEnum)">
              <lines>
                <line number="288" hits="1" branch="False" />
              </lines>
            </method>
            <method line-rate="1" branch-rate="1" complexity="1" name="get_SkipExecutionWhenNoTests" signature="()">
              <lines>
                <line number="289" hits="1" branch="False" />
              </lines>
            </method>
            <method line-rate="1" branch-rate="1" complexity="1" name="set_SkipExecutionWhenNoTests" signature="(bool)">
              <lines>
                <line number="289" hits="1" branch="False" />
              </lines>
            </method>
            <method line-rate="0" branch-rate="1" complexity="1" name="get_DumpXmlTestDiscovery" signature="()">
              <lines>
                <line number="293" hits="0" branch="False" />
              </lines>
            </method>
            <method line-rate="1" branch-rate="1" complexity="1" name="set_DumpXmlTestDiscovery" signature="(bool)">
              <lines>
                <line number="293" hits="1" branch="False" />
              </lines>
            </method>
            <method line-rate="1" branch-rate="1" complexity="1" name="get_DumpXmlTestResults" signature="()">
              <lines>
                <line number="295" hits="1" branch="False" />
              </lines>
            </method>
            <method line-rate="1" branch-rate="1" complexity="1" name="set_DumpXmlTestResults" signature="(bool)">
              <lines>
                <line number="295" hits="1" branch="False" />
              </lines>
            </method>
            <method line-rate="0" branch-rate="1" complexity="1" name="get_DumpVsInput" signature="()">
              <lines>
                <line number="297" hits="0" branch="False" />
              </lines>
            </method>
            <method line-rate="1" branch-rate="1" complexity="1" name="set_DumpVsInput" signature="(bool)">
              <lines>
                <line number="297" hits="1" branch="False" />
              </lines>
            </method>
            <method line-rate="1" branch-rate="1" complexity="1" name="get_FreakMode" signature="()">
              <lines>
                <line number="299" hits="1" branch="False" />
              </lines>
            </method>
            <method line-rate="1" branch-rate="1" complexity="1" name="set_FreakMode" signature="(bool)">
              <lines>
                <line number="299" hits="1" branch="False" />
              </lines>
            </method>
            <method line-rate="1" branch-rate="1" complexity="1" name="get_Debug" signature="()">
              <lines>
                <line number="300" hits="1" branch="False" />
              </lines>
            </method>
            <method line-rate="1" branch-rate="1" complexity="1" name="set_Debug" signature="(bool)">
              <lines>
                <line number="300" hits="1" branch="False" />
              </lines>
            </method>
            <method line-rate="1" branch-rate="1" complexity="1" name="get_DebugExecution" signature="()">
              <lines>
                <line number="301" hits="1" branch="False" />
              </lines>
            </method>
            <method line-rate="1" branch-rate="1" complexity="1" name="set_DebugExecution" signature="(bool)">
              <lines>
                <line number="301" hits="1" branch="False" />
              </lines>
            </method>
            <method line-rate="0" branch-rate="1" complexity="1" name="get_DebugDiscovery" signature="()">
              <lines>
                <line number="302" hits="0" branch="False" />
              </lines>
            </method>
            <method line-rate="1" branch-rate="1" complexity="1" name="set_DebugDiscovery" signature="(bool)">
              <lines>
                <line number="302" hits="1" branch="False" />
              </lines>
            </method>
            <method line-rate="0.8" branch-rate="0.5" complexity="6" name="Load" signature="(Microsoft.VisualStudio.TestPlatform.ObjectModel.Adapter.IDiscoveryContext, NUnit.VisualStudio.TestAdapter.TestLogger)">
              <lines>
                <line number="320" hits="1" branch="False" />
                <line number="321" hits="1" branch="True" condition-coverage="50% (1/2)">
                  <conditions>
                    <condition number="0" type="jump" coverage="50%" />
                  </conditions>
                </line>
                <line number="322" hits="0" branch="False" />
                <line number="324" hits="1" branch="True" condition-coverage="50% (2/4)">
                  <conditions>
                    <condition number="0" type="jump" coverage="50%" />
                    <condition number="1" type="jump" coverage="50%" />
                  </conditions>
                </line>
                <line number="325" hits="1" branch="False" />
              </lines>
            </method>
            <method line-rate="0.87096774193548387" branch-rate="0.40909090909090912" complexity="22" name="Load" signature="(string)">
              <lines>
                <line number="329" hits="1" branch="True" condition-coverage="50% (1/2)">
                  <conditions>
                    <condition number="0" type="jump" coverage="50%" />
                  </conditions>
                </line>
                <line number="330" hits="0" branch="False" />
                <line number="334" hits="1" branch="False" />
                <line number="335" hits="1" branch="False" />
                <line number="337" hits="1" branch="False" />
                <line number="338" hits="1" branch="False" />
                <line number="339" hits="1" branch="False" />
                <line number="341" hits="1" branch="False" />
                <line number="343" hits="1" branch="False" />
                <line number="346" hits="1" branch="False" />
                <line number="347" hits="1" branch="False" />
                <line number="348" hits="1" branch="False" />
                <line number="349" hits="1" branch="False" />
                <line number="350" hits="1" branch="False" />
                <line number="351" hits="1" branch="False" />
                <line number="352" hits="1" branch="False" />
                <line number="353" hits="1" branch="False" />
                <line number="354" hits="1" branch="False" />
                <line number="355" hits="1" branch="False" />
                <line number="357" hits="1" branch="False" />
                <line number="358" hits="1" branch="False" />
                <line number="359" hits="1" branch="True" condition-coverage="100% (2/2)">
                  <conditions>
                    <condition number="0" type="jump" coverage="100%" />
                  </conditions>
                </line>
                <line number="360" hits="1" branch="False" />
                <line number="361" hits="1" branch="False" />
                <line number="362" hits="1" branch="False" />
                <line number="363" hits="1" branch="False" />
                <line number="364" hits="1" branch="False" />
                <line number="365" hits="1" branch="False" />
                <line number="366" hits="1" branch="False" />
                <line number="367" hits="1" branch="False" />
                <line number="368" hits="1" branch="False" />
                <line number="369" hits="1" branch="False" />
                <line number="370" hits="1" branch="False" />
                <line number="373" hits="1" branch="False" />
                <line number="374" hits="1" branch="False" />
                <line number="375" hits="1" branch="False" />
                <line number="378" hits="1" branch="False" />
                <line number="381" hits="1" branch="False" />
                <line number="384" hits="1" branch="False" />
                <line number="385" hits="1" branch="True" condition-coverage="50% (2/4)">
                  <conditions>
                    <condition number="0" type="jump" coverage="50%" />
                    <condition number="1" type="jump" coverage="50%" />
                  </conditions>
                </line>
                <line number="389" hits="1" branch="False" />
                <line number="390" hits="1" branch="False" />
                <line number="391" hits="1" branch="False" />
                <line number="392" hits="1" branch="False" />
                <line number="393" hits="1" branch="False" />
                <line number="394" hits="1" branch="False" />
                <line number="395" hits="1" branch="True" condition-coverage="25% (1/4)">
                  <conditions>
                    <condition number="0" type="jump" coverage="50%" />
                    <condition number="1" type="jump" coverage="0%" />
                  </conditions>
                </line>
                <line number="396" hits="1" branch="False" />
                <line number="401" hits="1" branch="True" condition-coverage="50% (1/2)">
                  <conditions>
                    <condition number="0" type="jump" coverage="50%" />
                  </conditions>
                </line>
                <line number="402" hits="1" branch="False" />
                <line number="403" hits="1" branch="False" />
                <line number="407" hits="1" branch="True" condition-coverage="50% (1/2)">
                  <conditions>
                    <condition number="0" type="jump" coverage="50%" />
                  </conditions>
                </line>
                <line number="409" hits="0" branch="False" />
                <line number="410" hits="0" branch="False" />
                <line number="411" hits="0" branch="True" condition-coverage="0% (0/2)">
                  <conditions>
                    <condition number="0" type="jump" coverage="0%" />
                  </conditions>
                </line>
                <line number="413" hits="0" branch="True" condition-coverage="0% (0/2)">
                  <conditions>
                    <condition number="0" type="jump" coverage="0%" />
                  </conditions>
                </line>
                <line number="415" hits="0" branch="False" />
                <line number="416" hits="0" branch="False" />
                <line number="422" hits="1" branch="True" condition-coverage="50% (1/2)">
                  <conditions>
                    <condition number="0" type="jump" coverage="50%" />
                  </conditions>
                </line>
                <line number="424" hits="0" branch="False" />
                <line number="428" hits="1" branch="False" />
                <line number="429" hits="1" branch="False" />
              </lines>
            </method>
            <method line-rate="0.77777777777777779" branch-rate="0.75" complexity="12" name="ParseOutputXml" signature="(System.Xml.XmlNode)">
              <lines>
                <line number="433" hits="1" branch="False" />
                <line number="434" hits="1" branch="True" condition-coverage="50% (1/2)">
                  <conditions>
                    <condition number="0" type="jump" coverage="50%" />
                  </conditions>
                </line>
                <line number="436" hits="0" branch="False" />
                <line number="437" hits="0" branch="False" />
                <line number="439" hits="1" branch="False" />
                <line number="441" hits="1" branch="True" condition-coverage="100% (6/6)">
                  <conditions>
                    <condition number="0" type="jump" coverage="100%" />
                    <condition number="1" type="jump" coverage="100%" />
                    <condition number="2" type="jump" coverage="100%" />
                  </conditions>
                </line>
                <line number="443" hits="1" branch="True" condition-coverage="50% (2/4)">
                  <conditions>
                    <condition number="0" type="jump" coverage="50%" />
                    <condition number="1" type="jump" coverage="50%" />
                  </conditions>
                </line>
                <line number="446" hits="1" branch="False" />
                <line number="447" hits="1" branch="False" />
              </lines>
            </method>
            <method line-rate="0" branch-rate="0" complexity="7" name="SetTestOutputFolder" signature="(string)">
              <lines>
                <line number="451" hits="0" branch="True" condition-coverage="0% (0/2)">
                  <conditions>
                    <condition number="0" type="jump" coverage="0%" />
                  </conditions>
                </line>
                <line number="452" hits="0" branch="False" />
                <line number="453" hits="0" branch="True" condition-coverage="0% (0/5)">
                  <conditions>
                    <condition number="0" type="switch" coverage="0%" />
                  </conditions>
                </line>
                <line number="456" hits="0" branch="False" />
                <line number="457" hits="0" branch="False" />
                <line number="459" hits="0" branch="False" />
                <line number="460" hits="0" branch="False" />
                <line number="462" hits="0" branch="False" />
                <line number="463" hits="0" branch="False" />
                <line number="465" hits="0" branch="False" />
                <line number="466" hits="0" branch="False" />
                <line number="468" hits="0" branch="False" />
              </lines>
            </method>
            <method line-rate="1" branch-rate="0.5" complexity="8" name="ExtractNUnitDiagnosticSettings" signature="(System.Xml.XmlNode)">
              <lines>
                <line number="474" hits="1" branch="False" />
                <line number="475" hits="1" branch="False" />
                <line number="476" hits="1" branch="False" />
                <line number="477" hits="1" branch="False" />
                <line number="478" hits="1" branch="False" />
                <line number="479" hits="1" branch="False" />
                <line number="480" hits="1" branch="False" />
                <line number="481" hits="1" branch="True" condition-coverage="50% (2/4)">
                  <conditions>
                    <condition number="0" type="jump" coverage="50%" />
                    <condition number="1" type="jump" coverage="50%" />
                  </conditions>
                </line>
                <line number="482" hits="1" branch="True" condition-coverage="50% (2/4)">
                  <conditions>
                    <condition number="0" type="jump" coverage="50%" />
                    <condition number="1" type="jump" coverage="50%" />
                  </conditions>
                </line>
                <line number="483" hits="1" branch="False" />
              </lines>
            </method>
            <method line-rate="0.25" branch-rate="0.5" complexity="2" name="ParseInternalTraceLevel" signature="(string)">
              <lines>
                <line number="487" hits="1" branch="True" condition-coverage="50% (1/2)">
                  <conditions>
                    <condition number="0" type="jump" coverage="50%" />
                  </conditions>
                </line>
                <line number="489" hits="1" branch="False" />
                <line number="494" hits="0" branch="False" />
                <line number="495" hits="0" branch="False" />
                <line number="497" hits="0" branch="False" />
                <line number="499" hits="0" branch="False" />
                <line number="500" hits="0" branch="False" />
                <line number="502" hits="0" branch="False" />
              </lines>
            </method>
            <method line-rate="0.42857142857142855" branch-rate="0.25" complexity="8" name="UpdateTestProperties" signature="(System.Xml.XmlDocument)">
              <lines>
                <line number="506" hits="1" branch="False" />
                <line number="507" hits="1" branch="True" condition-coverage="50% (2/4)">
                  <conditions>
                    <condition number="0" type="jump" coverage="50%" />
                    <condition number="1" type="jump" coverage="50%" />
                  </conditions>
                </line>
                <line number="509" hits="0" branch="False" />
                <line number="510" hits="0" branch="False" />
                <line number="511" hits="0" branch="True" condition-coverage="0% (0/4)">
                  <conditions>
                    <condition number="0" type="jump" coverage="0%" />
                    <condition number="1" type="jump" coverage="0%" />
                  </conditions>
                </line>
                <line number="512" hits="0" branch="False" />
                <line number="514" hits="1" branch="False" />
              </lines>
            </method>
            <method line-rate="1" branch-rate="1" complexity="1" name="ExtractRunConfiguration" signature="(System.Xml.XmlDocument)">
              <lines>
                <line number="518" hits="1" branch="False" />
                <line number="519" hits="1" branch="False" />
                <line number="520" hits="1" branch="False" />
                <line number="521" hits="1" branch="False" />
                <line number="522" hits="1" branch="False" />
                <line number="523" hits="1" branch="False" />
                <line number="524" hits="1" branch="False" />
                <line number="525" hits="1" branch="False" />
                <line number="526" hits="1" branch="False" />
                <line number="527" hits="1" branch="False" />
                <line number="528" hits="1" branch="False" />
                <line number="529" hits="1" branch="False" />
                <line number="530" hits="1" branch="False" />
              </lines>
            </method>
            <method line-rate="0.2857142857142857" branch-rate="0.25" complexity="4" name="MapTestCategory" signature="(string)">
              <lines>
                <line number="534" hits="1" branch="True" condition-coverage="50% (1/2)">
                  <conditions>
                    <condition number="0" type="jump" coverage="50%" />
                  </conditions>
                </line>
                <line number="535" hits="1" branch="False" />
                <line number="536" hits="0" branch="False" />
                <line number="537" hits="0" branch="True" condition-coverage="0% (0/2)">
                  <conditions>
                    <condition number="0" type="jump" coverage="0%" />
                  </conditions>
                </line>
                <line number="538" hits="0" branch="False" />
                <line number="540" hits="0" branch="False" />
                <line number="541" hits="0" branch="False" />
              </lines>
            </method>
            <method line-rate="0.2857142857142857" branch-rate="0.25" complexity="4" name="MapDisplayName" signature="(string)">
              <lines>
                <line number="545" hits="1" branch="True" condition-coverage="50% (1/2)">
                  <conditions>
                    <condition number="0" type="jump" coverage="50%" />
                  </conditions>
                </line>
                <line number="546" hits="1" branch="False" />
                <line number="547" hits="0" branch="False" />
                <line number="548" hits="0" branch="True" condition-coverage="0% (0/2)">
                  <conditions>
                    <condition number="0" type="jump" coverage="0%" />
                  </conditions>
                </line>
                <line number="549" hits="0" branch="False" />
                <line number="551" hits="0" branch="False" />
                <line number="552" hits="0" branch="False" />
              </lines>
            </method>
            <method line-rate="0" branch-rate="1" complexity="1" name="SaveRandomSeed" signature="(string)">
              <lines>
                <line number="559" hits="0" branch="False" />
                <line number="560" hits="0" branch="False" />
                <line number="561" hits="0" branch="False" />
                <line number="562" hits="0" branch="False" />
                <line number="564" hits="0" branch="False" />
                <line number="565" hits="0" branch="False" />
                <line number="566" hits="0" branch="False" />
              </lines>
            </method>
            <method line-rate="0.6" branch-rate="0.5" complexity="2" name="RestoreRandomSeed" signature="(string)">
              <lines>
                <line number="570" hits="1" branch="False" />
                <line number="571" hits="1" branch="True" condition-coverage="50% (1/2)">
                  <conditions>
                    <condition number="0" type="jump" coverage="50%" />
                  </conditions>
                </line>
                <line number="572" hits="0" branch="False" />
                <line number="575" hits="1" branch="False" />
                <line number="576" hits="1" branch="False" />
                <line number="577" hits="1" branch="False" />
                <line number="578" hits="0" branch="False" />
                <line number="580" hits="0" branch="False" />
                <line number="581" hits="0" branch="False" />
                <line number="582" hits="1" branch="False" />
              </lines>
            </method>
            <method line-rate="0" branch-rate="1" complexity="1" name="get_EnsureAttachmentFileScheme" signature="()">
              <lines>
                <line number="584" hits="0" branch="False" />
              </lines>
            </method>
            <method line-rate="1" branch-rate="1" complexity="1" name="set_EnsureAttachmentFileScheme" signature="(bool)">
              <lines>
                <line number="584" hits="1" branch="False" />
              </lines>
            </method>
            <method line-rate="0.375" branch-rate="0.2857142857142857" complexity="14" name="UpdateNumberOfTestWorkers" signature="()">
              <lines>
                <line number="593" hits="1" branch="True" condition-coverage="33,33% (2/6)">
                  <conditions>
                    <condition number="0" type="jump" coverage="50%" />
                    <condition number="1" type="jump" coverage="50%" />
                    <condition number="2" type="jump" coverage="0%" />
                  </conditions>
                </line>
                <line number="595" hits="0" branch="False" />
                <line number="597" hits="1" branch="True" condition-coverage="33,33% (2/6)">
                  <conditions>
                    <condition number="0" type="jump" coverage="50%" />
                    <condition number="1" type="jump" coverage="50%" />
                    <condition number="2" type="jump" coverage="0%" />
                  </conditions>
                </line>
                <line number="599" hits="0" branch="True" condition-coverage="0% (0/2)">
                  <conditions>
                    <condition number="0" type="jump" coverage="0%" />
                  </conditions>
                </line>
                <line number="601" hits="0" branch="False" />
                <line number="602" hits="0" branch="False" />
                <line number="604" hits="0" branch="False" />
                <line number="606" hits="1" branch="False" />
              </lines>
            </method>
            <method line-rate="1" branch-rate="1" complexity="1" name="GetInnerTextWithLog" signature="(System.Xml.XmlNode, string, string[])">
              <lines>
                <line number="610" hits="1" branch="False" />
              </lines>
            </method>
            <method line-rate="0.66666666666666663" branch-rate="0.6428571428571429" complexity="14" name="GetInnerText" signature="(System.Xml.XmlNode, string, bool, string[])">
              <lines>
                <line number="616" hits="1" branch="False" />
                <line number="617" hits="1" branch="True" condition-coverage="100% (2/2)">
                  <conditions>
                    <condition number="0" type="jump" coverage="100%" />
                  </conditions>
                </line>
                <line number="618" hits="1" branch="True" condition-coverage="100% (2/2)">
                  <conditions>
                    <condition number="0" type="jump" coverage="100%" />
                  </conditions>
                </line>
                <line number="620" hits="1" branch="False" />
                <line number="622" hits="1" branch="True" condition-coverage="75% (3/4)">
                  <conditions>
                    <condition number="0" type="jump" coverage="100%" />
                    <condition number="1" type="jump" coverage="50%" />
                  </conditions>
                </line>
                <line number="624" hits="0" branch="True" condition-coverage="0% (0/2)">
                  <conditions>
                    <condition number="0" type="jump" coverage="0%" />
                  </conditions>
                </line>
                <line number="626" hits="0" branch="True" condition-coverage="0% (0/2)">
                  <conditions>
                    <condition number="0" type="jump" coverage="0%" />
                  </conditions>
                </line>
                <line number="627" hits="0" branch="False" />
                <line number="630" hits="0" branch="False" />
                <line number="633" hits="1" branch="True" condition-coverage="100% (2/2)">
                  <conditions>
                    <condition number="0" type="jump" coverage="100%" />
                  </conditions>
                </line>
                <line number="634" hits="1" branch="False" />
                <line number="636" hits="1" branch="False" />
              </lines>
            </method>
            <method line-rate="0.83333333333333337" branch-rate="0.5" complexity="2" name="GetInnerTextAsInt" signature="(System.Xml.XmlNode, string, int)">
              <lines>
                <line number="641" hits="1" branch="False" />
                <line number="642" hits="1" branch="False" />
                <line number="643" hits="1" branch="True" condition-coverage="50% (1/2)">
                  <conditions>
                    <condition number="0" type="jump" coverage="50%" />
                  </conditions>
                </line>
                <line number="644" hits="0" branch="False" />
                <line number="645" hits="1" branch="False" />
                <line number="646" hits="1" branch="False" />
              </lines>
            </method>
            <method line-rate="0.83333333333333337" branch-rate="0.5" complexity="2" name="GetInnerTextAsNullableInt" signature="(System.Xml.XmlNode, string, bool)">
              <lines>
                <line number="651" hits="1" branch="False" />
                <line number="652" hits="1" branch="False" />
                <line number="653" hits="1" branch="True" condition-coverage="50% (1/2)">
                  <conditions>
                    <condition number="0" type="jump" coverage="50%" />
                  </conditions>
                </line>
                <line number="654" hits="0" branch="False" />
                <line number="655" hits="1" branch="False" />
                <line number="656" hits="1" branch="False" />
              </lines>
            </method>
            <method line-rate="1" branch-rate="1" complexity="2" name="GetInnerTextAsBool" signature="(System.Xml.XmlNode, string, bool)">
              <lines>
                <line number="661" hits="1" branch="False" />
                <line number="662" hits="1" branch="False" />
                <line number="663" hits="1" branch="True" condition-coverage="100% (2/2)">
                  <conditions>
                    <condition number="0" type="jump" coverage="100%" />
                  </conditions>
                </line>
                <line number="664" hits="1" branch="False" />
                <line number="665" hits="1" branch="False" />
                <line number="666" hits="1" branch="False" />
              </lines>
            </method>
            <method line-rate="0.66666666666666663" branch-rate="0.5" complexity="2" name="Log" signature="&lt;T&gt;(string, T)">
              <lines>
                <line number="671" hits="1" branch="True" condition-coverage="50% (1/2)">
                  <conditions>
                    <condition number="0" type="jump" coverage="50%" />
                  </conditions>
                </line>
                <line number="673" hits="0" branch="False" />
                <line number="675" hits="1" branch="False" />
              </lines>
            </method>
            <method line-rate="0.25" branch-rate="0.25" complexity="4" name="MapWarningOutcome" signature="(string)">
              <lines>
                <line number="679" hits="1" branch="True" condition-coverage="50% (1/2)">
                  <conditions>
                    <condition number="0" type="jump" coverage="50%" />
                  </conditions>
                </line>
                <line number="680" hits="1" branch="False" />
                <line number="682" hits="0" branch="False" />
                <line number="684" hits="0" branch="True" condition-coverage="0% (0/2)">
                  <conditions>
                    <condition number="0" type="jump" coverage="0%" />
                  </conditions>
                </line>
                <line number="686" hits="0" branch="False" />
                <line number="687" hits="0" branch="False" />
                <line number="688" hits="0" branch="False" />
                <line number="690" hits="0" branch="False" />
              </lines>
            </method>
            <method line-rate="0.25" branch-rate="0.25" complexity="4" name="MapEnum" signature="&lt;T&gt;(string, T)">
              <lines>
                <line number="696" hits="1" branch="True" condition-coverage="50% (1/2)">
                  <conditions>
                    <condition number="0" type="jump" coverage="50%" />
                  </conditions>
                </line>
                <line number="697" hits="1" branch="False" />
                <line number="698" hits="0" branch="False" />
                <line number="699" hits="0" branch="True" condition-coverage="0% (0/2)">
                  <conditions>
                    <condition number="0" type="jump" coverage="0%" />
                  </conditions>
                </line>
                <line number="701" hits="0" branch="False" />
                <line number="702" hits="0" branch="False" />
                <line number="703" hits="0" branch="False" />
                <line number="705" hits="0" branch="False" />
              </lines>
            </method>
          </methods>
          <lines>
            <line number="166" hits="1" branch="False" />
            <line number="168" hits="1" branch="False" />
            <line number="169" hits="1" branch="False" />
            <line number="175" hits="0" branch="False" />
            <line number="177" hits="0" branch="False" />
            <line number="179" hits="0" branch="False" />
            <line number="181" hits="0" branch="False" />
            <line number="183" hits="0" branch="False" />
            <line number="188" hits="1" branch="False" />
            <line number="193" hits="1" branch="False" />
            <line number="198" hits="1" branch="False" />
            <line number="203" hits="1" branch="False" />
            <line number="209" hits="1" branch="False" />
            <line number="215" hits="1" branch="False" />
            <line number="216" hits="1" branch="False" />
            <line number="221" hits="1" branch="False" />
            <line number="222" hits="0" branch="False" />
            <line number="223" hits="1" branch="False" />
            <line number="224" hits="1" branch="True" condition-coverage="50% (1/2)">
              <conditions>
                <condition number="0" type="jump" coverage="50%" />
              </conditions>
            </line>
            <line number="226" hits="1" branch="False" />
            <line number="231" hits="1" branch="False" />
            <line number="233" hits="0" branch="False" />
            <line number="234" hits="1" branch="False" />
            <line number="236" hits="1" branch="False" />
            <line number="238" hits="1" branch="False" />
            <line number="240" hits="1" branch="False" />
            <line number="242" hits="1" branch="False" />
            <line number="244" hits="1" branch="False" />
            <line number="246" hits="1" branch="False" />
            <line number="248" hits="1" branch="False" />
            <line number="249" hits="1" branch="False" />
            <line number="251" hits="1" branch="False" />
            <line number="253" hits="1" branch="False" />
            <line number="255" hits="1" branch="False" />
            <line number="257" hits="1" branch="False" />
            <line number="259" hits="1" branch="False" />
            <line number="260" hits="1" branch="False" />
            <line number="261" hits="1" branch="False" />
            <line number="262" hits="1" branch="False" />
            <line number="263" hits="1" branch="False" />
            <line number="265" hits="1" branch="False" />
            <line number="266" hits="1" branch="False" />
            <line number="267" hits="1" branch="False" />
            <line number="268" hits="0" branch="False" />
            <line number="269" hits="0" branch="False" />
            <line number="271" hits="0" branch="False" />
            <line number="276" hits="1" branch="False" />
            <line number="278" hits="1" branch="False" />
            <line number="280" hits="0" branch="False" />
            <line number="282" hits="0" branch="False" />
            <line number="284" hits="1" branch="False" />
            <line number="286" hits="1" branch="False" />
            <line number="288" hits="0" branch="False" />
            <line number="289" hits="1" branch="False" />
            <line number="293" hits="0" branch="False" />
            <line number="295" hits="1" branch="False" />
            <line number="297" hits="0" branch="False" />
            <line number="299" hits="1" branch="False" />
            <line number="300" hits="1" branch="False" />
            <line number="301" hits="1" branch="False" />
            <line number="302" hits="0" branch="False" />
            <line number="320" hits="1" branch="False" />
            <line number="321" hits="1" branch="True" condition-coverage="50% (1/2)">
              <conditions>
                <condition number="0" type="jump" coverage="50%" />
              </conditions>
            </line>
            <line number="322" hits="0" branch="False" />
            <line number="324" hits="1" branch="True" condition-coverage="50% (2/4)">
              <conditions>
                <condition number="0" type="jump" coverage="50%" />
                <condition number="1" type="jump" coverage="50%" />
              </conditions>
            </line>
            <line number="325" hits="1" branch="False" />
            <line number="329" hits="1" branch="True" condition-coverage="50% (1/2)">
              <conditions>
                <condition number="0" type="jump" coverage="50%" />
              </conditions>
            </line>
            <line number="330" hits="0" branch="False" />
            <line number="334" hits="1" branch="False" />
            <line number="335" hits="1" branch="False" />
            <line number="337" hits="1" branch="False" />
            <line number="338" hits="1" branch="False" />
            <line number="339" hits="1" branch="False" />
            <line number="341" hits="1" branch="False" />
            <line number="343" hits="1" branch="False" />
            <line number="346" hits="1" branch="False" />
            <line number="347" hits="1" branch="False" />
            <line number="348" hits="1" branch="False" />
            <line number="349" hits="1" branch="False" />
            <line number="350" hits="1" branch="False" />
            <line number="351" hits="1" branch="False" />
            <line number="352" hits="1" branch="False" />
            <line number="353" hits="1" branch="False" />
            <line number="354" hits="1" branch="False" />
            <line number="355" hits="1" branch="False" />
            <line number="357" hits="1" branch="False" />
            <line number="358" hits="1" branch="False" />
            <line number="359" hits="1" branch="True" condition-coverage="100% (2/2)">
              <conditions>
                <condition number="0" type="jump" coverage="100%" />
              </conditions>
            </line>
            <line number="360" hits="1" branch="False" />
            <line number="361" hits="1" branch="False" />
            <line number="362" hits="1" branch="False" />
            <line number="363" hits="1" branch="False" />
            <line number="364" hits="1" branch="False" />
            <line number="365" hits="1" branch="False" />
            <line number="366" hits="1" branch="False" />
            <line number="367" hits="1" branch="False" />
            <line number="368" hits="1" branch="False" />
            <line number="369" hits="1" branch="False" />
            <line number="370" hits="1" branch="False" />
            <line number="373" hits="1" branch="False" />
            <line number="374" hits="1" branch="False" />
            <line number="375" hits="1" branch="False" />
            <line number="378" hits="1" branch="False" />
            <line number="381" hits="1" branch="False" />
            <line number="384" hits="1" branch="False" />
            <line number="385" hits="1" branch="True" condition-coverage="50% (2/4)">
              <conditions>
                <condition number="0" type="jump" coverage="50%" />
                <condition number="1" type="jump" coverage="50%" />
              </conditions>
            </line>
            <line number="389" hits="1" branch="False" />
            <line number="390" hits="1" branch="False" />
            <line number="391" hits="1" branch="False" />
            <line number="392" hits="1" branch="False" />
            <line number="393" hits="1" branch="False" />
            <line number="394" hits="1" branch="False" />
            <line number="395" hits="1" branch="True" condition-coverage="25% (1/4)">
              <conditions>
                <condition number="0" type="jump" coverage="50%" />
                <condition number="1" type="jump" coverage="0%" />
              </conditions>
            </line>
            <line number="396" hits="1" branch="False" />
            <line number="401" hits="1" branch="True" condition-coverage="50% (1/2)">
              <conditions>
                <condition number="0" type="jump" coverage="50%" />
              </conditions>
            </line>
            <line number="402" hits="1" branch="False" />
            <line number="403" hits="1" branch="False" />
            <line number="407" hits="1" branch="True" condition-coverage="50% (1/2)">
              <conditions>
                <condition number="0" type="jump" coverage="50%" />
              </conditions>
            </line>
            <line number="409" hits="0" branch="False" />
            <line number="410" hits="0" branch="False" />
            <line number="411" hits="0" branch="True" condition-coverage="0% (0/2)">
              <conditions>
                <condition number="0" type="jump" coverage="0%" />
              </conditions>
            </line>
            <line number="413" hits="0" branch="True" condition-coverage="0% (0/2)">
              <conditions>
                <condition number="0" type="jump" coverage="0%" />
              </conditions>
            </line>
            <line number="415" hits="0" branch="False" />
            <line number="416" hits="0" branch="False" />
            <line number="422" hits="1" branch="True" condition-coverage="50% (1/2)">
              <conditions>
                <condition number="0" type="jump" coverage="50%" />
              </conditions>
            </line>
            <line number="424" hits="0" branch="False" />
            <line number="428" hits="1" branch="False" />
            <line number="429" hits="1" branch="False" />
            <line number="433" hits="1" branch="False" />
            <line number="434" hits="1" branch="True" condition-coverage="50% (1/2)">
              <conditions>
                <condition number="0" type="jump" coverage="50%" />
              </conditions>
            </line>
            <line number="436" hits="0" branch="False" />
            <line number="437" hits="0" branch="False" />
            <line number="439" hits="1" branch="False" />
            <line number="441" hits="1" branch="True" condition-coverage="100% (6/6)">
              <conditions>
                <condition number="0" type="jump" coverage="100%" />
                <condition number="1" type="jump" coverage="100%" />
                <condition number="2" type="jump" coverage="100%" />
              </conditions>
            </line>
            <line number="443" hits="1" branch="True" condition-coverage="50% (2/4)">
              <conditions>
                <condition number="0" type="jump" coverage="50%" />
                <condition number="1" type="jump" coverage="50%" />
              </conditions>
            </line>
            <line number="446" hits="1" branch="False" />
            <line number="447" hits="1" branch="False" />
            <line number="451" hits="0" branch="True" condition-coverage="0% (0/2)">
              <conditions>
                <condition number="0" type="jump" coverage="0%" />
              </conditions>
            </line>
            <line number="452" hits="0" branch="False" />
            <line number="453" hits="0" branch="True" condition-coverage="0% (0/5)">
              <conditions>
                <condition number="0" type="switch" coverage="0%" />
              </conditions>
            </line>
            <line number="456" hits="0" branch="False" />
            <line number="457" hits="0" branch="False" />
            <line number="459" hits="0" branch="False" />
            <line number="460" hits="0" branch="False" />
            <line number="462" hits="0" branch="False" />
            <line number="463" hits="0" branch="False" />
            <line number="465" hits="0" branch="False" />
            <line number="466" hits="0" branch="False" />
            <line number="468" hits="0" branch="False" />
            <line number="474" hits="1" branch="False" />
            <line number="475" hits="1" branch="False" />
            <line number="476" hits="1" branch="False" />
            <line number="477" hits="1" branch="False" />
            <line number="478" hits="1" branch="False" />
            <line number="479" hits="1" branch="False" />
            <line number="480" hits="1" branch="False" />
            <line number="481" hits="1" branch="True" condition-coverage="50% (2/4)">
              <conditions>
                <condition number="0" type="jump" coverage="50%" />
                <condition number="1" type="jump" coverage="50%" />
              </conditions>
            </line>
            <line number="482" hits="1" branch="True" condition-coverage="50% (2/4)">
              <conditions>
                <condition number="0" type="jump" coverage="50%" />
                <condition number="1" type="jump" coverage="50%" />
              </conditions>
            </line>
            <line number="483" hits="1" branch="False" />
            <line number="487" hits="1" branch="True" condition-coverage="50% (1/2)">
              <conditions>
                <condition number="0" type="jump" coverage="50%" />
              </conditions>
            </line>
            <line number="489" hits="1" branch="False" />
            <line number="494" hits="0" branch="False" />
            <line number="495" hits="0" branch="False" />
            <line number="497" hits="0" branch="False" />
            <line number="499" hits="0" branch="False" />
            <line number="500" hits="0" branch="False" />
            <line number="502" hits="0" branch="False" />
            <line number="506" hits="1" branch="False" />
            <line number="507" hits="1" branch="True" condition-coverage="50% (2/4)">
              <conditions>
                <condition number="0" type="jump" coverage="50%" />
                <condition number="1" type="jump" coverage="50%" />
              </conditions>
            </line>
            <line number="509" hits="0" branch="False" />
            <line number="510" hits="0" branch="False" />
            <line number="511" hits="0" branch="True" condition-coverage="0% (0/4)">
              <conditions>
                <condition number="0" type="jump" coverage="0%" />
                <condition number="1" type="jump" coverage="0%" />
              </conditions>
            </line>
            <line number="512" hits="0" branch="False" />
            <line number="514" hits="1" branch="False" />
            <line number="518" hits="1" branch="False" />
            <line number="519" hits="1" branch="False" />
            <line number="520" hits="1" branch="False" />
            <line number="521" hits="1" branch="False" />
            <line number="522" hits="1" branch="False" />
            <line number="523" hits="1" branch="False" />
            <line number="524" hits="1" branch="False" />
            <line number="525" hits="1" branch="False" />
            <line number="526" hits="1" branch="False" />
            <line number="527" hits="1" branch="False" />
            <line number="528" hits="1" branch="False" />
            <line number="529" hits="1" branch="False" />
            <line number="530" hits="1" branch="False" />
            <line number="534" hits="1" branch="True" condition-coverage="50% (1/2)">
              <conditions>
                <condition number="0" type="jump" coverage="50%" />
              </conditions>
            </line>
            <line number="535" hits="1" branch="False" />
            <line number="536" hits="0" branch="False" />
            <line number="537" hits="0" branch="True" condition-coverage="0% (0/2)">
              <conditions>
                <condition number="0" type="jump" coverage="0%" />
              </conditions>
            </line>
            <line number="538" hits="0" branch="False" />
            <line number="540" hits="0" branch="False" />
            <line number="541" hits="0" branch="False" />
            <line number="545" hits="1" branch="True" condition-coverage="50% (1/2)">
              <conditions>
                <condition number="0" type="jump" coverage="50%" />
              </conditions>
            </line>
            <line number="546" hits="1" branch="False" />
            <line number="547" hits="0" branch="False" />
            <line number="548" hits="0" branch="True" condition-coverage="0% (0/2)">
              <conditions>
                <condition number="0" type="jump" coverage="0%" />
              </conditions>
            </line>
            <line number="549" hits="0" branch="False" />
            <line number="551" hits="0" branch="False" />
            <line number="552" hits="0" branch="False" />
            <line number="559" hits="0" branch="False" />
            <line number="560" hits="0" branch="False" />
            <line number="561" hits="0" branch="False" />
            <line number="562" hits="0" branch="False" />
            <line number="564" hits="0" branch="False" />
            <line number="565" hits="0" branch="False" />
            <line number="566" hits="0" branch="False" />
            <line number="570" hits="1" branch="False" />
            <line number="571" hits="1" branch="True" condition-coverage="50% (1/2)">
              <conditions>
                <condition number="0" type="jump" coverage="50%" />
              </conditions>
            </line>
            <line number="572" hits="0" branch="False" />
            <line number="575" hits="1" branch="False" />
            <line number="576" hits="1" branch="False" />
            <line number="577" hits="1" branch="False" />
            <line number="578" hits="0" branch="False" />
            <line number="580" hits="0" branch="False" />
            <line number="581" hits="0" branch="False" />
            <line number="582" hits="1" branch="False" />
            <line number="584" hits="0" branch="False" />
            <line number="593" hits="1" branch="True" condition-coverage="33,33% (2/6)">
              <conditions>
                <condition number="0" type="jump" coverage="50%" />
                <condition number="1" type="jump" coverage="50%" />
                <condition number="2" type="jump" coverage="0%" />
              </conditions>
            </line>
            <line number="595" hits="0" branch="False" />
            <line number="597" hits="1" branch="True" condition-coverage="33,33% (2/6)">
              <conditions>
                <condition number="0" type="jump" coverage="50%" />
                <condition number="1" type="jump" coverage="50%" />
                <condition number="2" type="jump" coverage="0%" />
              </conditions>
            </line>
            <line number="599" hits="0" branch="True" condition-coverage="0% (0/2)">
              <conditions>
                <condition number="0" type="jump" coverage="0%" />
              </conditions>
            </line>
            <line number="601" hits="0" branch="False" />
            <line number="602" hits="0" branch="False" />
            <line number="604" hits="0" branch="False" />
            <line number="606" hits="1" branch="False" />
            <line number="610" hits="1" branch="False" />
            <line number="616" hits="1" branch="False" />
            <line number="617" hits="1" branch="True" condition-coverage="100% (2/2)">
              <conditions>
                <condition number="0" type="jump" coverage="100%" />
              </conditions>
            </line>
            <line number="618" hits="1" branch="True" condition-coverage="100% (2/2)">
              <conditions>
                <condition number="0" type="jump" coverage="100%" />
              </conditions>
            </line>
            <line number="620" hits="1" branch="False" />
            <line number="622" hits="1" branch="True" condition-coverage="75% (3/4)">
              <conditions>
                <condition number="0" type="jump" coverage="100%" />
                <condition number="1" type="jump" coverage="50%" />
              </conditions>
            </line>
            <line number="624" hits="0" branch="True" condition-coverage="0% (0/2)">
              <conditions>
                <condition number="0" type="jump" coverage="0%" />
              </conditions>
            </line>
            <line number="626" hits="0" branch="True" condition-coverage="0% (0/2)">
              <conditions>
                <condition number="0" type="jump" coverage="0%" />
              </conditions>
            </line>
            <line number="627" hits="0" branch="False" />
            <line number="630" hits="0" branch="False" />
            <line number="633" hits="1" branch="True" condition-coverage="100% (2/2)">
              <conditions>
                <condition number="0" type="jump" coverage="100%" />
              </conditions>
            </line>
            <line number="634" hits="1" branch="False" />
            <line number="636" hits="1" branch="False" />
            <line number="641" hits="1" branch="False" />
            <line number="642" hits="1" branch="False" />
            <line number="643" hits="1" branch="True" condition-coverage="50% (1/2)">
              <conditions>
                <condition number="0" type="jump" coverage="50%" />
              </conditions>
            </line>
            <line number="644" hits="0" branch="False" />
            <line number="645" hits="1" branch="False" />
            <line number="646" hits="1" branch="False" />
            <line number="651" hits="1" branch="False" />
            <line number="652" hits="1" branch="False" />
            <line number="653" hits="1" branch="True" condition-coverage="50% (1/2)">
              <conditions>
                <condition number="0" type="jump" coverage="50%" />
              </conditions>
            </line>
            <line number="654" hits="0" branch="False" />
            <line number="655" hits="1" branch="False" />
            <line number="656" hits="1" branch="False" />
            <line number="661" hits="1" branch="False" />
            <line number="662" hits="1" branch="False" />
            <line number="663" hits="1" branch="True" condition-coverage="100% (2/2)">
              <conditions>
                <condition number="0" type="jump" coverage="100%" />
              </conditions>
            </line>
            <line number="664" hits="1" branch="False" />
            <line number="665" hits="1" branch="False" />
            <line number="666" hits="1" branch="False" />
            <line number="671" hits="1" branch="True" condition-coverage="50% (1/2)">
              <conditions>
                <condition number="0" type="jump" coverage="50%" />
              </conditions>
            </line>
            <line number="673" hits="0" branch="False" />
            <line number="675" hits="1" branch="False" />
            <line number="679" hits="1" branch="True" condition-coverage="50% (1/2)">
[...]
              </lines>
            </method>
            <method line-rate="0" branch-rate="1" complexity="1" name="&lt;get_NoOfActualTestCases&gt;b__20_3" signature="(NUnit.VisualStudio.TestAdapter.NUnitEngine.NUnitDiscoverySetUpFixture)">
              <lines>
                <line number="347" hits="0" branch="False" />
              </lines>
            </method>
            <method line-rate="0" branch-rate="1" complexity="1" name="&lt;get_NoOfActualTestCases&gt;b__20_4" signature="(NUnit.VisualStudio.TestAdapter.NUnitEngine.NUnitDiscoveryParameterizedTestFixture)">
              <lines>
                <line number="348" hits="0" branch="False" />
              </lines>
            </method>
          </methods>
          <lines>
            <line number="340" hits="1" branch="False" />
            <line number="344" hits="0" branch="False" />
            <line number="345" hits="0" branch="False" />
            <line number="346" hits="0" branch="False" />
            <line number="347" hits="0" branch="False" />
            <line number="348" hits="0" branch="False" />
          </lines>
        </class>
        <class line-rate="0" branch-rate="1" complexity="3" name="NUnit.VisualStudio.TestAdapter.Metadata.AppDomainMetadataProvider.AppDomainHelper" filename="D:\repos\NUnit\nunit3-vs-adapter\src\NUnitTestAdapter\Metadata\AppDomainMetadataProvider.cs">
          <methods>
            <method line-rate="0" branch-rate="1" complexity="1" name="GetDeclaringType" signature="(string, string, string)">
              <lines>
                <line number="88" hits="0" branch="False" />
              </lines>
            </method>
            <method line-rate="0" branch-rate="1" complexity="1" name="GetStateMachineType" signature="(string, string, string)">
              <lines>
                <line number="93" hits="0" branch="False" />
              </lines>
            </method>
            <method line-rate="0" branch-rate="1" complexity="1" name=".ctor" signature="()">
              <lines>
                <line number="84" hits="0" branch="False" />
              </lines>
            </method>
          </methods>
          <lines>
            <line number="84" hits="0" branch="False" />
            <line number="88" hits="0" branch="False" />
            <line number="93" hits="0" branch="False" />
          </lines>
        </class>
        <class line-rate="0" branch-rate="1" complexity="1" name="NUnit.VisualStudio.TestAdapter.Metadata.DirectReflectionMetadataProvider.&lt;&gt;c__DisplayClass2_0" filename="D:\repos\NUnit\nunit3-vs-adapter\src\NUnitTestAdapter\Metadata\DirectReflectionMetadataProvider.cs">
          <methods>
            <method line-rate="0" branch-rate="1" complexity="1" name="&lt;TryGetSingleMethod&gt;b__0" signature="(System.Reflection.MethodInfo)">
              <lines>
                <line number="99" hits="0" branch="False" />
              </lines>
            </method>
          </methods>
          <lines>
            <line number="99" hits="0" branch="False" />
          </lines>
        </class>
      </classes>
    </package>
    <package line-rate="1" branch-rate="0" complexity="57" name="Common Class Library">
      <classes>
        <class line-rate="1" branch-rate="1" complexity="3" name="Common_Class_Library.Implementations.Connection" filename="D:\repo\src\Common Class Library\Implementations\Connection.cs">
          <methods>
            <method line-rate="1" branch-rate="1" complexity="2" name="GetConnection" signature="()">
              <lines>
                <line number="13" hits="1" branch="False" />
                <line number="14" hits="1" branch="True" condition-coverage="100% (2/2)">
                  <conditions>
                    <condition number="0" type="jump" coverage="100%" />
                  </conditions>
                </line>
                <line number="15" hits="1" branch="False" />
                <line number="16" hits="1" branch="False" />
                <line number="17" hits="1" branch="False" />
                <line number="18" hits="1" branch="False" />
                <line number="20" hits="1" branch="False" />
                <line number="40" hits="1" branch="False" />
              </lines>
            </method>
            <method line-rate="1" branch-rate="1" complexity="1" name="&lt;GetConnection&gt;g__IDbInitConnection|1_0" signature="()">
              <lines>
                <line number="23" hits="1" branch="False" />
                <line number="24" hits="1" branch="False" />
                <line number="25" hits="1" branch="False" />
                <line number="26" hits="1" branch="False" />
                <line number="27" hits="1" branch="False" />
                <line number="28" hits="1" branch="False" />
                <line number="29" hits="1" branch="False" />
                <line number="30" hits="1" branch="False" />
                <line number="31" hits="1" branch="False" />
                <line number="32" hits="1" branch="False" />
                <line number="33" hits="1" branch="False" />
                <line number="34" hits="1" branch="False" />
                <line number="35" hits="1" branch="False" />
                <line number="36" hits="1" branch="False" />
                <line number="37" hits="1" branch="False" />
                <line number="38" hits="1" branch="False" />
                <line number="39" hits="1" branch="False" />
              </lines>
            </method>
          </methods>
          <lines>
            <line number="13" hits="1" branch="False" />
            <line number="14" hits="1" branch="True" condition-coverage="100% (2/2)">
              <conditions>
                <condition number="0" type="jump" coverage="100%" />
              </conditions>
            </line>
            <line number="15" hits="1" branch="False" />
            <line number="16" hits="1" branch="False" />
            <line number="17" hits="1" branch="False" />
            <line number="18" hits="1" branch="False" />
            <line number="20" hits="1" branch="False" />
            <line number="23" hits="1" branch="False" />
            <line number="24" hits="1" branch="False" />
            <line number="25" hits="1" branch="False" />
            <line number="26" hits="1" branch="False" />
            <line number="27" hits="1" branch="False" />
            <line number="28" hits="1" branch="False" />
            <line number="29" hits="1" branch="False" />
            <line number="30" hits="1" branch="False" />
            <line number="31" hits="1" branch="False" />
            <line number="32" hits="1" branch="False" />
            <line number="33" hits="1" branch="False" />
            <line number="34" hits="1" branch="False" />
            <line number="35" hits="1" branch="False" />
            <line number="36" hits="1" branch="False" />
            <line number="37" hits="1" branch="False" />
            <line number="38" hits="1" branch="False" />
            <line number="39" hits="1" branch="False" />
            <line number="40" hits="1" branch="False" />
          </lines>
        </class>
        <class line-rate="1" branch-rate="1" complexity="54" name="Common_Class_Library.Implementations.ModelData" filename="D:\repo\src\Common Class Library\Implementations\ModelData.cs">
          <methods>
            <method line-rate="1" branch-rate="1" complexity="1" name="get_UserID" signature="()">
              <lines>
                <line number="9" hits="1" branch="False" />
              </lines>
            </method>
            <method line-rate="1" branch-rate="1" complexity="1" name="set_UserID" signature="(int)">
              <lines>
                <line number="9" hits="1" branch="False" />
              </lines>
            </method>
            <method line-rate="1" branch-rate="1" complexity="1" name="get_Username" signature="()">
              <lines>
                <line number="10" hits="1" branch="False" />
              </lines>
            </method>
            <method line-rate="1" branch-rate="1" complexity="1" name="set_Username" signature="(string)">
              <lines>
                <line number="10" hits="1" branch="False" />
              </lines>
            </method>
            <method line-rate="1" branch-rate="1" complexity="1" name="get_UserAddress" signature="()">
              <lines>
                <line number="11" hits="1" branch="False" />
              </lines>
            </method>
            <method line-rate="1" branch-rate="1" complexity="1" name="set_UserAddress" signature="(string)">
              <lines>
                <line number="11" hits="1" branch="False" />
              </lines>
            </method>
            <method line-rate="1" branch-rate="1" complexity="1" name="get_UserCity" signature="()">
              <lines>
                <line number="12" hits="1" branch="False" />
              </lines>
            </method>
            <method line-rate="1" branch-rate="1" complexity="1" name="set_UserCity" signature="(string)">
              <lines>
                <line number="12" hits="1" branch="False" />
              </lines>
            </method>
            <method line-rate="1" branch-rate="1" complexity="1" name="get_BrojiloId" signature="()">
              <lines>
                <line number="13" hits="1" branch="False" />
              </lines>
            </method>
            <method line-rate="1" branch-rate="1" complexity="1" name="set_BrojiloId" signature="(string)">
              <lines>
                <line number="13" hits="1" branch="False" />
              </lines>
            </method>
            <method line-rate="1" branch-rate="1" complexity="1" name="get_Potroseno" signature="()">
              <lines>
                <line number="14" hits="1" branch="False" />
              </lines>
            </method>
            <method line-rate="1" branch-rate="1" complexity="1" name="set_Potroseno" signature="(decimal)">
              <lines>
                <line number="14" hits="1" branch="False" />
              </lines>
            </method>
            <method line-rate="1" branch-rate="1" complexity="1" name="get_Mesec" signature="()">
              <lines>
                <line number="15" hits="1" branch="False" />
              </lines>
            </method>
            <method line-rate="1" branch-rate="1" complexity="1" name="set_Mesec" signature="(string)">
              <lines>
                <line number="15" hits="1" branch="False" />
              </lines>
            </method>
            <method line-rate="1" branch-rate="1" complexity="1" name=".ctor" signature="()">
              <lines>
                <line number="17" hits="1" branch="False" />
                <line number="18" hits="1" branch="False" />
                <line number="20" hits="1" branch="False" />
              </lines>
            </method>
            <method line-rate="1" branch-rate="1" complexity="24" name=".ctor" signature="(int, string, string, string, string, decimal, string)">
              <lines>
                <line number="22" hits="1" branch="False" />
                <line number="23" hits="1" branch="False" />
                <line number="25" hits="1" branch="True" condition-coverage="100% (10/10)">
                  <conditions>
                    <condition number="0" type="jump" coverage="100%" />
                    <condition number="1" type="jump" coverage="100%" />
                    <condition number="2" type="jump" coverage="100%" />
                    <condition number="3" type="jump" coverage="100%" />
                    <condition number="4" type="jump" coverage="100%" />
                  </conditions>
                </line>
                <line number="26" hits="1" branch="False" />
                <line number="27" hits="1" branch="False" />
                <line number="31" hits="1" branch="True" condition-coverage="100% (14/14)">
                  <conditions>
                    <condition number="0" type="jump" coverage="100%" />
                    <condition number="1" type="jump" coverage="100%" />
                    <condition number="2" type="jump" coverage="100%" />
                    <condition number="3" type="jump" coverage="100%" />
                    <condition number="4" type="jump" coverage="100%" />
                    <condition number="5" type="jump" coverage="100%" />
                    <condition number="6" type="jump" coverage="100%" />
                  </conditions>
                </line>
                <line number="32" hits="1" branch="False" />
                <line number="33" hits="1" branch="False" />
                <line number="36" hits="1" branch="False" />
                <line number="37" hits="1" branch="False" />
                <line number="38" hits="1" branch="False" />
                <line number="39" hits="1" branch="False" />
                <line number="40" hits="1" branch="False" />
                <line number="41" hits="1" branch="False" />
                <line number="42" hits="1" branch="False" />
                <line number="43" hits="1" branch="False" />
              </lines>
            </method>
            <method line-rate="1" branch-rate="1" complexity="14" name="Equals" signature="(object)">
              <lines>
                <line number="46" hits="1" branch="False" />
                <line number="47" hits="1" branch="True" condition-coverage="100% (14/14)">
                  <conditions>
                    <condition number="0" type="jump" coverage="100%" />
                    <condition number="1" type="jump" coverage="100%" />
                    <condition number="2" type="jump" coverage="100%" />
                    <condition number="3" type="jump" coverage="100%" />
                    <condition number="4" type="jump" coverage="100%" />
                    <condition number="5" type="jump" coverage="100%" />
                    <condition number="6" type="jump" coverage="100%" />
                  </conditions>
                </line>
                <line number="48" hits="1" branch="False" />
                <line number="49" hits="1" branch="False" />
                <line number="50" hits="1" branch="False" />
                <line number="51" hits="1" branch="False" />
                <line number="52" hits="1" branch="False" />
                <line number="53" hits="1" branch="False" />
                <line number="54" hits="1" branch="False" />
                <line number="55" hits="1" branch="False" />
              </lines>
            </method>
            <method line-rate="1" branch-rate="1" complexity="1" name="GetHashCode" signature="()">
              <lines>
                <line number="58" hits="1" branch="False" />
                <line number="59" hits="1" branch="False" />
                <line number="60" hits="1" branch="False" />
                <line number="61" hits="1" branch="False" />
                <line number="62" hits="1" branch="False" />
                <line number="63" hits="1" branch="False" />
                <line number="64" hits="1" branch="False" />
                <line number="65" hits="1" branch="False" />
                <line number="66" hits="1" branch="False" />
                <line number="67" hits="1" branch="False" />
                <line number="68" hits="1" branch="False" />
              </lines>
            </method>
          </methods>
          <lines>
            <line number="9" hits="1" branch="False" />
            <line number="10" hits="1" branch="False" />
            <line number="11" hits="1" branch="False" />
            <line number="12" hits="1" branch="False" />
            <line number="13" hits="1" branch="False" />
            <line number="14" hits="1" branch="False" />
            <line number="15" hits="1" branch="False" />
            <line number="17" hits="1" branch="False" />
            <line number="18" hits="1" branch="False" />
            <line number="20" hits="1" branch="False" />
            <line number="22" hits="1" branch="False" />
            <line number="23" hits="1" branch="False" />
            <line number="25" hits="1" branch="True" condition-coverage="100% (10/10)">
              <conditions>
                <condition number="0" type="jump" coverage="100%" />
                <condition number="1" type="jump" coverage="100%" />
                <condition number="2" type="jump" coverage="100%" />
                <condition number="3" type="jump" coverage="100%" />
                <condition number="4" type="jump" coverage="100%" />
              </conditions>
            </line>
            <line number="26" hits="1" branch="False" />
            <line number="27" hits="1" branch="False" />
            <line number="31" hits="1" branch="True" condition-coverage="100% (14/14)">
              <conditions>
                <condition number="0" type="jump" coverage="100%" />
                <condition number="1" type="jump" coverage="100%" />
                <condition number="2" type="jump" coverage="100%" />
                <condition number="3" type="jump" coverage="100%" />
                <condition number="4" type="jump" coverage="100%" />
                <condition number="5" type="jump" coverage="100%" />
                <condition number="6" type="jump" coverage="100%" />
              </conditions>
            </line>
            <line number="32" hits="1" branch="False" />
            <line number="33" hits="1" branch="False" />
            <line number="36" hits="1" branch="False" />
            <line number="37" hits="1" branch="False" />
            <line number="38" hits="1" branch="False" />
            <line number="39" hits="1" branch="False" />
            <line number="40" hits="1" branch="False" />
            <line number="41" hits="1" branch="False" />
            <line number="42" hits="1" branch="False" />
            <line number="43" hits="1" branch="False" />
            <line number="46" hits="1" branch="False" />
            <line number="47" hits="1" branch="True" condition-coverage="100% (14/14)">
              <conditions>
                <condition number="0" type="jump" coverage="100%" />
                <condition number="1" type="jump" coverage="100%" />
                <condition number="2" type="jump" coverage="100%" />
                <condition number="3" type="jump" coverage="100%" />
                <condition number="4" type="jump" coverage="100%" />
                <condition number="5" type="jump" coverage="100%" />
                <condition number="6" type="jump" coverage="100%" />
              </conditions>
            </line>
            <line number="48" hits="1" branch="False" />
            <line number="49" hits="1" branch="False" />
            <line number="50" hits="1" branch="False" />
            <line number="51" hits="1" branch="False" />
            <line number="52" hits="1" branch="False" />
            <line number="53" hits="1" branch="False" />
            <line number="54" hits="1" branch="False" />
            <line number="55" hits="1" branch="False" />
            <line number="58" hits="1" branch="False" />
            <line number="59" hits="1" branch="False" />
            <line number="60" hits="1" branch="False" />
            <line number="61" hits="1" branch="False" />
            <line number="62" hits="1" branch="False" />
            <line number="63" hits="1" branch="False" />
            <line number="64" hits="1" branch="False" />
            <line number="65" hits="1" branch="False" />
            <line number="66" hits="1" branch="False" />
            <line number="67" hits="1" branch="False" />
            <line number="68" hits="1" branch="False" />
          </lines>
        </class>
      </classes>
    </package>
  </packages>
</coverage>